
/home/runner/work/exp-kelvin-sdouble-bridge-iitr/exp-kelvin-sdouble-bridge-iitr/experiment/simulation/js/demo1.js
     2:5   warning  'datapoints1' is assigned a value but never used  no-unused-vars
     3:1   warning  'jsPlumb' is not defined                          no-undef
     8:9   warning  'addDisc' is assigned a value but never used      no-unused-vars
    10:17  warning  'e' is assigned a value but never used            no-unused-vars
    10:21  warning  'prepare' is not defined                          no-undef
    17:9   warning  'reset' is assigned a value but never used        no-unused-vars
    30:48  warning  'e' is defined but never used                     no-unused-vars
    30:51  warning  'ui' is defined but never used                    no-unused-vars
    32:21  warning  'jsPlumb' is not defined                          no-undef
   215:16  warning  'jsPlumb' is not defined                          no-undef
   225:13  warning  'e1' is assigned a value but never used           no-unused-vars
   226:13  warning  'e2' is assigned a value but never used           no-unused-vars
   227:13  warning  'e3' is assigned a value but never used           no-unused-vars
   228:13  warning  'e4' is assigned a value but never used           no-unused-vars
   229:13  warning  'e5' is assigned a value but never used           no-unused-vars
   230:13  warning  'e6' is assigned a value but never used           no-unused-vars
   231:13  warning  'e7' is assigned a value but never used           no-unused-vars
   232:13  warning  'e8' is assigned a value but never used           no-unused-vars
   233:13  warning  'e9' is assigned a value but never used           no-unused-vars
   234:13  warning  'e10' is assigned a value but never used          no-unused-vars
   235:13  warning  'e11' is assigned a value but never used          no-unused-vars
   236:13  warning  'e12' is assigned a value but never used          no-unused-vars
   238:9   warning  'clearBtn' is not defined                         no-undef
   238:20  warning  'jsPlumb' is not defined                          no-undef
   239:13  warning  'addBtn' is not defined                           no-undef
   239:22  warning  'jsPlumb' is not defined                          no-undef
   241:27  warning  'jsPlumb' is not defined                          no-undef
   244:13  warning  'jsPlumbUtil' is not defined                      no-undef
   249:13  warning  'showConnectionInfo' is not defined               no-undef
   250:13  warning  'jsPlumbUtil' is not defined                      no-undef
   257:5   warning  'jsPlumb' is not defined                          no-undef
   563:5   warning  'were' is assigned a value but never used         no-unused-vars
   564:10  warning  'mcbonoff' is defined but never used              no-unused-vars
   571:17  warning  'text' is assigned a value but never used         no-unused-vars
   596:10  warning  'addtotable' is defined but never used            no-unused-vars
   630:21  warning  'currentVal1' is already defined                  no-redeclare
   631:21  warning  'currentVal2' is already defined                  no-redeclare
   632:21  warning  'currentVal3' is already defined                  no-redeclare
   633:21  warning  'currentVal4' is already defined                  no-redeclare
   635:21  warning  'tr' is already defined                           no-redeclare
   636:21  warning  'td1' is already defined                          no-redeclare
   637:21  warning  'td2' is already defined                          no-redeclare
   638:21  warning  'td3' is already defined                          no-redeclare
   639:21  warning  'td4' is already defined                          no-redeclare
   654:17  warning  'btn' is not defined                              no-undef
   656:25  warning  'drop' is not defined                             no-undef
   657:25  warning  'drop' is not defined                             no-undef
   661:25  warning  'drop' is not defined                             no-undef
   680:10  warning  'push' is defined but never used                  no-unused-vars
   685:9   warning  'rangeChange138' is not defined                   no-undef
   694:13  warning  'text' is already defined                         no-redeclare
   695:9   warning  'rangeChange139' is not defined                   no-undef
   702:13  warning  'text' is already defined                         no-redeclare
   703:9   warning  'rangeChange1310' is not defined                  no-undef
   710:13  warning  'text' is already defined                         no-redeclare
   711:9   warning  'rangeChange1311' is not defined                  no-undef
   718:13  warning  'text' is already defined                         no-redeclare
   719:9   warning  'rangeChange1312' is not defined                  no-undef
   726:13  warning  'text' is already defined                         no-redeclare
   727:9   warning  'rangeChange148' is not defined                   no-undef
   734:13  warning  'text' is already defined                         no-redeclare
   735:9   warning  'rangeChange149' is not defined                   no-undef
   742:13  warning  'text' is already defined                         no-redeclare
   743:9   warning  'rangeChange1410' is not defined                  no-undef
   750:13  warning  'text' is already defined                         no-redeclare
   751:9   warning  'rangeChange1411' is not defined                  no-undef
   758:13  warning  'text' is already defined                         no-redeclare
   759:9   warning  'rangeChange1412' is not defined                  no-undef
   766:13  warning  'text' is already defined                         no-redeclare
   767:9   warning  'rangeChange158' is not defined                   no-undef
   774:13  warning  'text' is already defined                         no-redeclare
   775:9   warning  'rangeChange159' is not defined                   no-undef
   782:13  warning  'text' is already defined                         no-redeclare
   783:9   warning  'rangeChange1510' is not defined                  no-undef
   790:13  warning  'text' is already defined                         no-redeclare
   791:9   warning  'rangeChange1511' is not defined                  no-undef
   798:13  warning  'text' is already defined                         no-redeclare
   799:9   warning  'rangeChange1512' is not defined                  no-undef
   806:13  warning  'text' is already defined                         no-redeclare
   807:9   warning  'rangeChange168' is not defined                   no-undef
   814:13  warning  'text' is already defined                         no-redeclare
   815:9   warning  'rangeChange169' is not defined                   no-undef
   822:13  warning  'text' is already defined                         no-redeclare
   823:9   warning  'rangeChange1610' is not defined                  no-undef
   830:13  warning  'text' is already defined                         no-redeclare
   831:9   warning  'rangeChange1611' is not defined                  no-undef
   838:13  warning  'text' is already defined                         no-redeclare
   839:9   warning  'rangeChange1612' is not defined                  no-undef
   846:13  warning  'text' is already defined                         no-redeclare
   847:9   warning  'rangeChange178' is not defined                   no-undef
   854:13  warning  'text' is already defined                         no-redeclare
   855:9   warning  'rangeChange179' is not defined                   no-undef
   862:13  warning  'text' is already defined                         no-redeclare
   863:9   warning  'rangeChange1710' is not defined                  no-undef
   870:13  warning  'text' is already defined                         no-redeclare
   871:9   warning  'rangeChange1711' is not defined                  no-undef
   878:13  warning  'text' is already defined                         no-redeclare
   879:9   warning  'rangeChange1712' is not defined                  no-undef
   891:13  warning  'text' is already defined                         no-redeclare
   893:9   warning  'rangeChange1711' is not defined                  no-undef
   902:13  warning  'text' is already defined                         no-redeclare
   903:9   warning  'rangeChange1712' is not defined                  no-undef
   910:13  warning  'text' is already defined                         no-redeclare
   911:9   warning  'rangeChange1710' is not defined                  no-undef
   918:13  warning  'text' is already defined                         no-redeclare
   919:9   warning  'rangeChange178' is not defined                   no-undef
   926:13  warning  'text' is already defined                         no-redeclare
   927:9   warning  'rangeChange1611' is not defined                  no-undef
   933:13  warning  'text' is already defined                         no-redeclare
   935:9   warning  'rangeChange178' is not defined                   no-undef
   942:13  warning  'text' is already defined                         no-redeclare
   943:9   warning  'rangeChange1612' is not defined                  no-undef
   950:13  warning  'text' is already defined                         no-redeclare
   951:9   warning  'rangeChange1611' is not defined                  no-undef
   958:13  warning  'text' is already defined                         no-redeclare
   959:9   warning  'rangeChange1610' is not defined                  no-undef
   966:13  warning  'text' is already defined                         no-redeclare
   967:9   warning  'rangeChange169' is not defined                   no-undef
   973:13  warning  'text' is already defined                         no-redeclare
   975:9   warning  'rangeChange168' is not defined                   no-undef
   982:13  warning  'text' is already defined                         no-redeclare
   983:9   warning  'rangeChange1512' is not defined                  no-undef
   990:13  warning  'text' is already defined                         no-redeclare
   991:9   warning  'rangeChange1511' is not defined                  no-undef
   998:13  warning  'text' is already defined                         no-redeclare
   999:9   warning  'rangeChange1510' is not defined                  no-undef
  1006:13  warning  'text' is already defined                         no-redeclare
  1007:9   warning  'rangeChange159' is not defined                   no-undef
  1013:13  warning  'text' is already defined                         no-redeclare
  1015:9   warning  'rangeChange158' is not defined                   no-undef
  1022:13  warning  'text' is already defined                         no-redeclare
  1023:9   warning  'rangeChange269' is not defined                   no-undef
  1030:13  warning  'text' is already defined                         no-redeclare
  1031:9   warning  'rangeChange139' is not defined                   no-undef
  1038:13  warning  'text' is already defined                         no-redeclare
  1039:9   warning  'rangeChange2611' is not defined                  no-undef
  1046:13  warning  'text' is already defined                         no-redeclare
  1047:9   warning  'rangeChange2612' is not defined                  no-undef
  1053:13  warning  'text' is already defined                         no-redeclare
  1055:9   warning  'rangeChange149' is not defined                   no-undef
  1062:13  warning  'text' is already defined                         no-redeclare
  1063:9   warning  'rangeChange1311' is not defined                  no-undef
  1070:13  warning  'text' is already defined                         no-redeclare
  1071:9   warning  'rangeChange1312' is not defined                  no-undef
  1078:13  warning  'text' is already defined                         no-redeclare
  1079:9   warning  'rangeChange1411' is not defined                  no-undef
  1086:13  warning  'text' is already defined                         no-redeclare
  1087:9   warning  'rangeChange1412' is not defined                  no-undef
  1099:13  warning  'text' is already defined                         no-redeclare
  1101:9   warning  'rangeChange1610' is not defined                  no-undef
  1109:13  warning  'text' is already defined                         no-redeclare
  1111:9   warning  'rangeChange168' is not defined                   no-undef
  1119:13  warning  'text' is already defined                         no-redeclare
  1121:9   warning  'rangeChange1511' is not defined                  no-undef
  1129:13  warning  'text' is already defined                         no-redeclare
  1131:9   warning  'rangeChange1510' is not defined                  no-undef
  1139:13  warning  'text' is already defined                         no-redeclare
  1141:9   warning  'rangeChange159' is not defined                   no-undef
  1149:13  warning  'text' is already defined                         no-redeclare
  1151:9   warning  'rangeChange148' is not defined                   no-undef
  1159:13  warning  'text' is already defined                         no-redeclare
  1161:9   warning  'rangeChange1311' is not defined                  no-undef
  1169:13  warning  'text' is already defined                         no-redeclare
  1171:9   warning  'rangeChange1410' is not defined                  no-undef
  1179:13  warning  'text' is already defined                         no-redeclare
  1181:9   warning  'rangeChange1411' is not defined                  no-undef
  1189:13  warning  'text' is already defined                         no-redeclare
  1191:9   warning  'rangeChange1412' is not defined                  no-undef
  1200:13  warning  'text' is already defined                         no-redeclare
  1202:9   warning  'rangeChange148' is not defined                   no-undef
  1210:13  warning  'text' is already defined                         no-redeclare
  1212:9   warning  'rangeChange1410' is not defined                  no-undef
  1220:13  warning  'text' is already defined                         no-redeclare
  1222:9   warning  'rangeChange1512' is not defined                  no-undef
  1230:13  warning  'text' is already defined                         no-redeclare
  1232:9   warning  'rangeChange1511' is not defined                  no-undef
  1240:13  warning  'text' is already defined                         no-redeclare
  1242:9   warning  'rangeChange1510' is not defined                  no-undef
  1250:13  warning  'text' is already defined                         no-redeclare
  1252:9   warning  'rangeChange159' is not defined                   no-undef
  1260:13  warning  'text' is already defined                         no-redeclare
  1262:9   warning  'rangeChange158' is not defined                   no-undef
  1270:13  warning  'text' is already defined                         no-redeclare
  1272:9   warning  'rangeChange169' is not defined                   no-undef
  1280:13  warning  'text' is already defined                         no-redeclare
  1282:9   warning  'rangeChange1610' is not defined                  no-undef
  1290:13  warning  'text' is already defined                         no-redeclare
  1292:9   warning  'rangeChange1612' is not defined                  no-undef
  1300:13  warning  'text' is already defined                         no-redeclare
  1302:9   warning  'rangeChange178' is not defined                   no-undef
  1310:13  warning  'text' is already defined                         no-redeclare
  1312:9   warning  'rangeChange179' is not defined                   no-undef
  1322:13  warning  'text' is already defined                         no-redeclare
  1342:9   warning  'range901' is not defined                         no-undef
  1347:13  warning  'text' is already defined                         no-redeclare
  1348:9   warning  'range902' is not defined                         no-undef
  1356:5   warning  'strUser' is already defined                      no-redeclare
  1357:5   warning  'value' is already defined                        no-redeclare
  1364:9   warning  'range903' is not defined                         no-undef
  1369:13  warning  'text' is already defined                         no-redeclare
  1370:9   warning  'range904' is not defined                         no-undef
  1376:13  warning  'text' is already defined                         no-redeclare
  1377:9   warning  'range905' is not defined                         no-undef
  1384:13  warning  'text' is already defined                         no-redeclare
  1385:9   warning  'range906' is not defined                         no-undef
  1390:13  warning  'text' is already defined                         no-redeclare
  1392:9   warning  'range907' is not defined                         no-undef
  1399:5   warning  'strUser' is already defined                      no-redeclare
  1399:5   warning  'strUser' is assigned a value but never used      no-unused-vars
  1400:5   warning  'value' is already defined                        no-redeclare
  1400:5   warning  'value' is assigned a value but never used        no-unused-vars
  1407:9   warning  'range908' is not defined                         no-undef
  1412:13  warning  'text' is already defined                         no-redeclare
  1413:9   warning  'range909' is not defined                         no-undef
  1419:13  warning  'text' is already defined                         no-redeclare
  1420:9   warning  'range910' is not defined                         no-undef
  1426:13  warning  'text' is already defined                         no-redeclare
  1428:9   warning  'range911' is not defined                         no-undef
  1433:13  warning  'text' is already defined                         no-redeclare
  1435:9   warning  'range912' is not defined                         no-undef

/home/runner/work/exp-kelvin-sdouble-bridge-iitr/exp-kelvin-sdouble-bridge-iitr/experiment/simulation/js/demo2.js
    4:10  warning  'rangeChange138' is defined but never used   no-unused-vars
    8:13  warning  'rangeChange139' is defined but never used   no-unused-vars
   11:11  warning  'rangeChange1310' is defined but never used  no-unused-vars
   14:12  warning  'rangeChange1311' is defined but never used  no-unused-vars
   17:11  warning  'rangeChange1312' is defined but never used  no-unused-vars
   20:12  warning  'rangeChange148' is defined but never used   no-unused-vars
   23:12  warning  'rangeChange149' is defined but never used   no-unused-vars
   26:12  warning  'rangeChange1410' is defined but never used  no-unused-vars
   29:12  warning  'rangeChange1411' is defined but never used  no-unused-vars
   32:11  warning  'rangeChange1412' is defined but never used  no-unused-vars
   35:11  warning  'rangeChange269' is defined but never used   no-unused-vars
   38:10  warning  'rangeChange2611' is defined but never used  no-unused-vars
   41:10  warning  'rangeChange2612' is defined but never used  no-unused-vars
   44:11  warning  'rangeChange158' is defined but never used   no-unused-vars
   47:13  warning  'rangeChange159' is defined but never used   no-unused-vars
   50:13  warning  'rangeChange1510' is defined but never used  no-unused-vars
   53:13  warning  'rangeChange1511' is defined but never used  no-unused-vars
   56:12  warning  'rangeChange1512' is defined but never used  no-unused-vars
   59:12  warning  'rangeChange168' is defined but never used   no-unused-vars
   62:13  warning  'rangeChange169' is defined but never used   no-unused-vars
   65:13  warning  'rangeChange1610' is defined but never used  no-unused-vars
   68:13  warning  'rangeChange1611' is defined but never used  no-unused-vars
   71:12  warning  'rangeChange1612' is defined but never used  no-unused-vars
   74:12  warning  'rangeChange178' is defined but never used   no-unused-vars
   77:13  warning  'rangeChange179' is defined but never used   no-unused-vars
   80:13  warning  'rangeChange1710' is defined but never used  no-unused-vars
   83:13  warning  'rangeChange1711' is defined but never used  no-unused-vars
   86:12  warning  'rangeChange1712' is defined but never used  no-unused-vars
   97:11  warning  'range901' is defined but never used         no-unused-vars
  101:14  warning  'range902' is defined but never used         no-unused-vars
  106:15  warning  'range903' is defined but never used         no-unused-vars
  110:16  warning  'range904' is defined but never used         no-unused-vars
  114:16  warning  'range905' is defined but never used         no-unused-vars
  119:15  warning  'range906' is defined but never used         no-unused-vars
  123:15  warning  'range907' is defined but never used         no-unused-vars
  128:15  warning  'range908' is defined but never used         no-unused-vars
  132:15  warning  'range909' is defined but never used         no-unused-vars
  136:15  warning  'range910' is defined but never used         no-unused-vars
  140:15  warning  'range911' is defined but never used         no-unused-vars
  144:15  warning  'range912' is defined but never used         no-unused-vars

/home/runner/work/exp-kelvin-sdouble-bridge-iitr/exp-kelvin-sdouble-bridge-iitr/experiment/simulation/js/demo3.js
    2:5   warning  'datapoints1' is assigned a value but never used  no-unused-vars
    3:1   warning  'jsPlumb' is not defined                          no-undef
    8:9   warning  'addDisc' is assigned a value but never used      no-unused-vars
   10:17  warning  'e' is assigned a value but never used            no-unused-vars
   10:21  warning  'prepare' is not defined                          no-undef
   17:9   warning  'reset' is assigned a value but never used        no-unused-vars
   30:48  warning  'e' is defined but never used                     no-unused-vars
   30:51  warning  'ui' is defined but never used                    no-unused-vars
   32:21  warning  'jsPlumb' is not defined                          no-undef
  146:10  warning  'endpoint9' is assigned a value but never used    no-unused-vars
  155:9   warning  'prepare9' is assigned a value but never used     no-unused-vars
  159:10  warning  'endpoint10' is assigned a value but never used   no-unused-vars
  168:9   warning  'prepare10' is assigned a value but never used    no-unused-vars
  189:16  warning  'jsPlumb' is not defined                          no-undef
  199:13  warning  'e1' is assigned a value but never used           no-unused-vars
  200:13  warning  'e2' is assigned a value but never used           no-unused-vars
  201:13  warning  'e3' is assigned a value but never used           no-unused-vars
  202:13  warning  'e4' is assigned a value but never used           no-unused-vars
  203:13  warning  'e5' is assigned a value but never used           no-unused-vars
  204:13  warning  'e6' is assigned a value but never used           no-unused-vars
  205:13  warning  'e7' is assigned a value but never used           no-unused-vars
  206:13  warning  'e8' is assigned a value but never used           no-unused-vars
  207:13  warning  'e9' is assigned a value but never used           no-unused-vars
  208:13  warning  'e10' is assigned a value but never used          no-unused-vars
  210:13  warning  'clearBtn' is assigned a value but never used     no-unused-vars
  210:24  warning  'jsPlumb' is not defined                          no-undef
  211:13  warning  'addBtn' is assigned a value but never used       no-unused-vars
  211:22  warning  'jsPlumb' is not defined                          no-undef
  213:28  warning  'jsPlumb' is not defined                          no-undef
  216:17  warning  'jsPlumbUtil' is not defined                      no-undef
  221:17  warning  'showConnectionInfo' is not defined               no-undef
  222:17  warning  'jsPlumbUtil' is not defined                      no-undef
  229:5   warning  'jsPlumb' is not defined                          no-undef
  507:5   warning  'were' is assigned a value but never used         no-unused-vars
  508:10  warning  'mcbonoff' is defined but never used              no-unused-vars
  544:10  warning  'addtotable' is defined but never used            no-unused-vars
  578:16  warning  'currentVal1' is already defined                  no-redeclare
  579:8   warning  'currentVal2' is already defined                  no-redeclare
  580:7   warning  'currentVal3' is already defined                  no-redeclare
  581:7   warning  'currentVal4' is already defined                  no-redeclare
  582:8   warning  'currentVal5' is already defined                  no-redeclare
  586:7   warning  'tr' is already defined                           no-redeclare
  587:7   warning  'td1' is already defined                          no-redeclare
  588:7   warning  'td2' is already defined                          no-redeclare
  589:7   warning  'td3' is already defined                          no-redeclare
  590:7   warning  'td4' is already defined                          no-redeclare
  591:7   warning  'td5' is already defined                          no-redeclare
  604:16  warning  'currentVal1' is already defined                  no-redeclare
  605:6   warning  'currentVal2' is already defined                  no-redeclare
  606:7   warning  'currentVal3' is already defined                  no-redeclare
  607:7   warning  'currentVal4' is already defined                  no-redeclare
  608:6   warning  'currentVal4' is already defined                  no-redeclare
  610:7   warning  'tr' is already defined                           no-redeclare
  611:7   warning  'td1' is already defined                          no-redeclare
  612:7   warning  'td2' is already defined                          no-redeclare
  613:7   warning  'td3' is already defined                          no-redeclare
  614:7   warning  'td4' is already defined                          no-redeclare
  615:7   warning  'td5' is already defined                          no-redeclare
  629:16  warning  'currentVal1' is already defined                  no-redeclare
  630:8   warning  'currentVal2' is already defined                  no-redeclare
  631:7   warning  'currentVal3' is already defined                  no-redeclare
  632:7   warning  'currentVal4' is already defined                  no-redeclare
  633:7   warning  'currentVal5' is already defined                  no-redeclare
  636:7   warning  'tr' is already defined                           no-redeclare
  637:7   warning  'td1' is already defined                          no-redeclare
  638:7   warning  'td2' is already defined                          no-redeclare
  639:7   warning  'td3' is already defined                          no-redeclare
  640:7   warning  'td4' is already defined                          no-redeclare
  641:7   warning  'td5' is already defined                          no-redeclare
  665:10  warning  'push' is defined but never used                  no-unused-vars
  681:9   warning  'text' is already defined                         no-redeclare
  690:12  warning  'text' is already defined                         no-redeclare
  699:9   warning  'text' is already defined                         no-redeclare
  708:9   warning  'text' is already defined                         no-redeclare
  736:13  warning  'text' is already defined                         no-redeclare
  744:9   warning  'text' is already defined                         no-redeclare
  752:12  warning  'text' is already defined                         no-redeclare
  770:5   warning  'strUser' is already defined                      no-redeclare
  771:5   warning  'value' is already defined                        no-redeclare
  784:13  warning  'text' is already defined                         no-redeclare
  792:9   warning  'text' is already defined                         no-redeclare
  801:9   warning  'text' is already defined                         no-redeclare
  808:12  warning  'text' is already defined                         no-redeclare
  818:5   warning  'strUser' is already defined                      no-redeclare
  818:5   warning  'strUser' is assigned a value but never used      no-unused-vars
  819:5   warning  'value' is already defined                        no-redeclare
  819:5   warning  'value' is assigned a value but never used        no-unused-vars
  832:13  warning  'text' is already defined                         no-redeclare
  840:9   warning  'text' is already defined                         no-redeclare
  848:12  warning  'text' is already defined                         no-redeclare
  856:12  warning  'text' is already defined                         no-redeclare

/home/runner/work/exp-kelvin-sdouble-bridge-iitr/exp-kelvin-sdouble-bridge-iitr/experiment/simulation/js/jsplumb1.js
     68:9   warning  'root' is assigned a value but never used                                  no-unused-vars
    130:18  warning  'i' is already defined                                                     no-redeclare
    184:18  warning  'i' is already defined                                                     no-redeclare
    242:22  warning  'j' is already defined                                                     no-redeclare
    264:56  warning  't' is defined but never used                                              no-unused-vars
    279:26  warning  'j' is already defined                                                     no-redeclare
    582:9   warning  'exports' is not defined                                                   no-undef
    616:1   warning  Unnecessary semicolon                                                      no-extra-semi
    626:9   warning  'exports' is not defined                                                   no-undef
    661:9   warning  '_normal' is assigned a value but never used                               no-unused-vars
    672:9   warning  '_lineLength' is assigned a value but never used                           no-unused-vars
    706:9   warning  '_theta' is assigned a value but never used                                no-unused-vars
    725:9   warning  '_intersects' is assigned a value but never used                           no-unused-vars
    747:9   warning  '_encloses' is assigned a value but never used                             no-unused-vars
    764:9   warning  '_pointOnLine' is assigned a value but never used                          no-unused-vars
    781:9   warning  '_perpendicularLineTo' is assigned a value but never used                  no-unused-vars
    789:1   warning  Unnecessary semicolon                                                      no-extra-semi
    846:28  warning  'view' is defined but never used                                           no-unused-vars
    846:34  warning  'target' is defined but never used                                         no-unused-vars
    846:42  warning  'pageX' is defined but never used                                          no-unused-vars
    846:49  warning  'pageY' is defined but never used                                          no-unused-vars
    846:56  warning  'screenX' is defined but never used                                        no-unused-vars
    846:65  warning  'screenY' is defined but never used                                        no-unused-vars
    846:74  warning  'clientX' is defined but never used                                        no-unused-vars
    846:83  warning  'clientY' is defined but never used                                        no-unused-vars
   1040:58  warning  Do not access Object.prototype method 'hasOwnProperty' from target object  no-prototype-builtins
   1082:39  warning  Do not access Object.prototype method 'hasOwnProperty' from target object  no-prototype-builtins
   1132:9   warning  'touchstart' is assigned a value but never used                            no-unused-vars
   1132:36  warning  'touchend' is assigned a value but never used                              no-unused-vars
   1132:59  warning  'touchmove' is assigned a value but never used                             no-unused-vars
   1137:54  warning  Unnecessary escape character: \.                                           no-useless-escape
   1223:73  warning  Invalid typeof comparison value                                            valid-typeof
   1286:38  warning  Do not access Object.prototype method 'hasOwnProperty' from target object  no-prototype-builtins
   1288:51  warning  Do not access Object.prototype method 'hasOwnProperty' from target object  no-prototype-builtins
   1310:29  warning  'el' is defined but never used                                             no-unused-vars
   1310:33  warning  'event' is defined but never used                                          no-unused-vars
   1310:40  warning  'children' is defined but never used                                       no-unused-vars
   1310:50  warning  'fn' is defined but never used                                             no-unused-vars
   1457:9   warning  'exports' is not defined                                                   no-undef
   1490:1   warning  Unnecessary semicolon                                                      no-extra-semi
   1595:54  warning  Unnecessary escape character: \.                                           no-useless-escape
   1719:42  warning  'scope' is defined but never used                                          no-unused-vars
   1727:13  warning  'scroll' is assigned a value but never used                                no-unused-vars
   1875:13  warning  '_addFilter' is assigned a value but never used                            no-unused-vars
   1876:13  warning  '_removeFilter' is assigned a value but never used                         no-unused-vars
   2091:31  warning  Empty block statement                                                      no-empty
   2280:42  warning  'scope' is defined but never used                                          no-unused-vars
   2300:56  warning  'drag' is defined but never used                                           no-unused-vars
   2388:13  warning  '_getMatchingDroppables' is assigned a value but never used                no-unused-vars
   2432:18  warning  'i' is already defined                                                     no-redeclare
   2754:40  warning  'spec' is defined but never used                                           no-unused-vars
   2777:38  warning  'spec' is defined but never used                                           no-unused-vars
   2862:9   warning  'exports' is not defined                                                   no-undef
   2874:42  warning  'exports' is not defined                                                   no-undef
   2915:19  warning  Do not access Object.prototype method 'hasOwnProperty' from target object  no-prototype-builtins
   3011:26  warning  Unnecessary escape character: \.                                           no-useless-escape
   3012:40  warning  Unnecessary escape character: \[                                           no-useless-escape
   3180:36  warning  '_protoFn' is defined but never used                                       no-unused-vars
   3188:45  warning  Do not access Object.prototype method 'hasOwnProperty' from target object  no-prototype-builtins
   3188:83  warning  Do not access Object.prototype method 'hasOwnProperty' from target object  no-prototype-builtins
   3201:41  warning  Do not access Object.prototype method 'hasOwnProperty' from target object  no-prototype-builtins
   3201:79  warning  Do not access Object.prototype method 'hasOwnProperty' from target object  no-prototype-builtins
   3242:42  warning  Empty block statement                                                      no-empty
   3320:23  warning  Empty block statement                                                      no-empty
   3488:2   warning  Unnecessary semicolon                                                      no-extra-semi
   3553:1   warning  Unnecessary semicolon                                                      no-extra-semi
   3585:9   warning  'eventFilters' is assigned a value but never used                          no-unused-vars
   3604:9   warning  '_each' is assigned a value but never used                                 no-unused-vars
   4583:13  warning  '_setDraggable' is assigned a value but never used                         no-unused-vars
   4807:56  warning  'args' is defined but never used                                           no-unused-vars
   4855:60  warning  'cEl' is assigned a value but never used                                   no-unused-vars
   5481:13  warning  '_unmanage' is assigned a value but never used                             no-unused-vars
   5576:68  warning  'jsPlumbInstance' is assigned a value but never used                       no-unused-vars
   6146:39  warning  'scope' is defined but never used                                          no-unused-vars
   6751:9   warning  'exports' is not defined                                                   no-undef
   6766:1   warning  Unnecessary semicolon                                                      no-extra-semi
   6882:36  warning  'ignoreAttachedElements' is defined but never used                         no-unused-vars
   7059:1   warning  Unnecessary semicolon                                                      no-extra-semi
   7304:41  warning  'doNotRepaint' is defined but never used                                   no-unused-vars
   7309:50  warning  'doNotRepaint' is defined but never used                                   no-unused-vars
   7374:53  warning  'fireEvent' is defined but never used                                      no-unused-vars
   7374:64  warning  'originalEvent' is defined but never used                                  no-unused-vars
   7488:52  warning  Do not access Object.prototype method 'hasOwnProperty' from target object  no-prototype-builtins
   7534:39  warning  'startParams' is defined but never used                                    no-unused-vars
   8111:17  warning  'elId' is assigned a value but never used                                  no-unused-vars
   8348:1   warning  Unnecessary semicolon                                                      no-extra-semi
   8865:52  warning  Do not access Object.prototype method 'hasOwnProperty' from target object  no-prototype-builtins
   8889:52  warning  Do not access Object.prototype method 'hasOwnProperty' from target object  no-prototype-builtins
   8901:21  warning  'jsPlumb' is not defined                                                   no-undef
   8984:1   warning  Unnecessary semicolon                                                      no-extra-semi
   9709:27  warning  'Biltong' is not defined                                                   no-undef
  10061:23  warning  'jsPlumbUtil' is not defined                                               no-undef
  10293:1   warning  Unnecessary semicolon                                                      no-extra-semi
  10323:53  warning  'x' is defined but never used                                              no-unused-vars
  10323:56  warning  'y' is defined but never used                                              no-unused-vars
  10350:46  warning  'x1' is defined but never used                                             no-unused-vars
  10350:50  warning  'y1' is defined but never used                                             no-unused-vars
  10350:54  warning  'x2' is defined but never used                                             no-unused-vars
  10350:58  warning  'y2' is defined but never used                                             no-unused-vars
  10383:17  warning  '_super' is assigned a value but never used                                no-unused-vars
  10441:46  warning  '_' is defined but never used                                              no-unused-vars
  10643:17  warning  '_super' is assigned a value but never used                                no-unused-vars
  10789:17  warning  '_super' is assigned a value but never used                                no-unused-vars
  11112:13  warning  'dumpSegmentsToConsole' is assigned a value but never used                 no-unused-vars
  11168:48  warning  'anchorPoint' is defined but never used                                    no-unused-vars
  11168:61  warning  'orientation' is defined but never used                                    no-unused-vars
  11168:74  warning  'endpointStyle' is defined but never used                                  no-unused-vars
  11168:89  warning  'connectorPaintStyle' is defined but never used                            no-unused-vars
  11201:13  warning  '_super' is assigned a value but never used                                no-unused-vars
  11207:76  warning  'connectorPaintStyle' is defined but never used                            no-unused-vars
  11228:13  warning  '_super' is assigned a value but never used                                no-unused-vars
  11233:76  warning  'connectorPaintStyle' is defined but never used                            no-unused-vars
  11244:40  warning  'params' is defined but never used                                         no-unused-vars
  11322:48  warning  'orientation' is defined but never used                                    no-unused-vars
  11322:61  warning  'endpointStyle' is defined but never used                                  no-unused-vars
  11322:76  warning  'connectorPaintStyle' is defined but never used                            no-unused-vars
  11348:40  warning  'd' is defined but never used                                              no-unused-vars
  11348:43  warning  'style' is defined but never used                                          no-unused-vars
  11348:50  warning  'anchor' is defined but never used                                         no-unused-vars
  11391:13  warning  '_super' is assigned a value but never used                                no-unused-vars
  11394:48  warning  'orientation' is defined but never used                                    no-unused-vars
  11394:61  warning  'endpointStyle' is defined but never used                                  no-unused-vars
  11394:76  warning  'connectorPaintStyle' is defined but never used                            no-unused-vars
  11410:32  warning  'style' is defined but never used                                          no-unused-vars
  11410:39  warning  'anchor' is defined but never used                                         no-unused-vars
  11443:76  warning  'connectorPaintStyle' is defined but never used                            no-unused-vars
  11472:27  warning  'instance' is defined but never used                                       no-unused-vars
  11472:37  warning  'component' is defined but never used                                      no-unused-vars
  11541:43  warning  'component' is defined but never used                                      no-unused-vars
  11705:17  warning  'jsPlumb' is not defined                                                   no-undef
  11812:37  warning  'component' is defined but never used                                      no-unused-vars
  11822:29  warning  'containerExtents' is defined but never used                               no-unused-vars
  11850:37  warning  'params' is defined but never used                                         no-unused-vars
  11863:42  warning  'currentConnectionPaintStyle' is defined but never used                    no-unused-vars
  11907:13  warning  'labelWidth' is assigned a value but never used                            no-unused-vars
  11907:32  warning  'labelHeight' is assigned a value but never used                           no-unused-vars
  11907:52  warning  'labelText' is assigned a value but never used                             no-unused-vars
  11907:70  warning  'labelPadding' is assigned a value but never used                          no-unused-vars
  11997:1   warning  Unnecessary semicolon                                                      no-extra-semi
  12441:35  warning  'conn' is defined but never used                                           no-unused-vars
  12441:41  warning  'endpointIndex' is defined but never used                                  no-unused-vars
  12445:37  warning  'conn' is defined but never used                                           no-unused-vars
  12445:43  warning  'endpointIndex' is defined but never used                                  no-unused-vars
  12453:56  warning  'jsPlumb' is not defined                                                   no-undef
  12489:38  warning  '_el' is defined but never used                                            no-unused-vars
  12489:43  warning  'targetGroup' is defined but never used                                    no-unused-vars
  12539:25  warning  'jsPlumbUtil' is not defined                                               no-undef
  12883:1   warning  Unnecessary semicolon                                                      no-extra-semi
  12899:41  warning  'lastOrientation' is assigned a value but never used                       no-unused-vars
  12903:13  warning  'loopbackRadius' is assigned a value but never used                        no-unused-vars
  12904:13  warning  'isLoopbackCurrently' is assigned a value but never used                   no-unused-vars
  13248:1   warning  Unnecessary semicolon                                                      no-extra-semi
  13257:13  warning  'curviness' is assigned a value but never used                             no-unused-vars
  13259:13  warning  'proximityLimit' is assigned a value but never used                        no-unused-vars
  13262:13  warning  'isLoopbackCurrently' is assigned a value but never used                   no-unused-vars
  13401:1   warning  Unnecessary semicolon                                                      no-extra-semi
  13496:13  warning  'clockwise' is assigned a value but never used                             no-unused-vars
  13596:1   warning  Unnecessary semicolon                                                      no-extra-semi
  13603:30  warning  'params' is defined but never used                                         no-unused-vars
  13607:46  warning  '_' is defined but never used                                              no-unused-vars
  13628:1   warning  Unnecessary semicolon                                                      no-extra-semi
  14033:35  warning  'style' is defined but never used                                          no-unused-vars
  14056:35  warning  'style' is defined but never used                                          no-unused-vars
  14092:13  warning  'self' is assigned a value but never used                                  no-unused-vars
  14251:1   warning  Unnecessary semicolon                                                      no-extra-semi
  14444:39  warning  'jsPlumb' is not defined                                                   no-undef
  14473:29  warning  'jsPlumb' is not defined                                                   no-undef
  14480:38  warning  Do not access Object.prototype method 'hasOwnProperty' from target object  no-prototype-builtins
  14481:39  warning  'jsPlumb' is not defined                                                   no-undef
  14548:40  warning  Do not access Object.prototype method 'hasOwnProperty' from target object  no-prototype-builtins
  14639:22  warning  'jsPlumb' is not defined                                                   no-undef
  14644:24  warning  'jsPlumb' is not defined                                                   no-undef
  14770:26  warning  Do not access Object.prototype method 'hasOwnProperty' from target object  no-prototype-builtins
  14783:13  warning  'jsPlumb' is not defined                                                   no-undef
  14788:18  warning  'jsPlumb' is not defined                                                   no-undef
  14797:13  warning  'jsPlumb' is not defined                                                   no-undef
  14802:17  warning  'jsPlumb' is not defined                                                   no-undef
  14803:17  warning  'jsPlumb' is not defined                                                   no-undef
  14805:17  warning  'jsPlumb' is not defined                                                   no-undef
  14809:13  warning  'jsPlumb' is not defined                                                   no-undef
  14815:17  warning  'jsPlumb' is not defined                                                   no-undef
  14853:18  warning  'jsPlumb' is not defined                                                   no-undef
  14901:22  warning  'jsPlumb' is not defined                                                   no-undef
  14982:20  warning  'jsPlumb' is not defined                                                   no-undef
  14996:13  warning  'jsPlumb' is not defined                                                   no-undef
  15008:18  warning  'jsPlumb' is not defined                                                   no-undef
  15011:25  warning  'jsPlumb' is not defined                                                   no-undef
  15013:35  warning  'jsPlumb' is not defined                                                   no-undef
  15014:30  warning  'jsPlumb' is not defined                                                   no-undef
  15015:45  warning  'jsPlumb' is not defined                                                   no-undef
  15016:45  warning  'jsPlumb' is not defined                                                   no-undef
  15017:46  warning  'jsPlumb' is not defined                                                   no-undef
  15133:36  warning  'el' is defined but never used                                             no-unused-vars
  15133:40  warning  'options' is defined but never used                                        no-unused-vars
  15136:36  warning  'el' is defined but never used                                             no-unused-vars
  15136:40  warning  'options' is defined but never used                                        no-unused-vars
  15152:45  warning  'zoom' is defined but never used                                           no-unused-vars
  15192:33  warning  'spec' is defined but never used                                           no-unused-vars
  15201:31  warning  'spec' is defined but never used                                           no-unused-vars
  15210:38  warning  'posseId' is defined but never used                                        no-unused-vars
  15263:23  warning  'el' is defined but never used                                             no-unused-vars
  15263:27  warning  'event' is defined but never used                                          no-unused-vars
  15263:34  warning  'callback' is defined but never used                                       no-unused-vars
  15272:24  warning  'el' is defined but never used                                             no-unused-vars
  15272:28  warning  'event' is defined but never used                                          no-unused-vars
  15272:35  warning  'callback' is defined but never used                                       no-unused-vars

 557 problems (0 errors, 557 warnings)
  0 errors and 17 warnings potentially fixable with the `--fix` option.

